--------------------
./configure --help
2015. márc. 17., kedd, 17.02.21 CET
usage:
  configure [--const] [--zprefix] [--prefix=PREFIX]  [--eprefix=EXPREFIX]
    [--static] [--64] [--libdir=LIBDIR] [--sharedlibdir=LIBDIR]
    [--includedir=INCLUDEDIR] [--archs="-arch i386 -arch x86_64"]
--------------------
./configure --prefix=/home/lowy/lib-ffmpeg --bindir=/home/lowy/lib-ffmpeg/bin
2015. márc. 17., kedd, 17.18.03 CET
unknown option: --bindir=/home/lowy/lib-ffmpeg/bin
./configure --help for help
** ./configure aborting.
--------------------


--------------------
./configure --prefix=/home/lowy/lib-ffmpeg --archs=-arch x86_64
2015. márc. 17., kedd, 17.19.50 CET
Checking for gcc...
=== ztest4037.c ===
extern int getchar();
int hello() {return getchar();}
===
gcc -c ztest4037.c
... using gcc

Checking for obsessive-compulsive compiler options...
=== ztest4037.c ===
int foo() { return 0; }
===
gcc -c -O3 -arch x86_64 ztest4037.c
gcc: error: x86_64: Nincs ilyen fájl vagy könyvtár
gcc: error: unrecognized command line option ‘-arch’
(exit code 1)
Compiler error reporting is too harsh for ./configure (perhaps remove -Werror).
** ./configure aborting.
--------------------


--------------------
./configure --prefix=/home/lowy/lib-ffmpeg
2015. márc. 17., kedd, 17.20.55 CET
Checking for gcc...
=== ztest4078.c ===
extern int getchar();
int hello() {return getchar();}
===
gcc -c ztest4078.c
... using gcc

Checking for obsessive-compulsive compiler options...
=== ztest4078.c ===
int foo() { return 0; }
===
gcc -c -O3 ztest4078.c

Checking for shared library support...
=== ztest4078.c ===
extern int getchar();
int hello() {return getchar();}
===
gcc -w -c -O3 -fPIC ztest4078.c
gcc -shared -Wl,-soname,libz.so.1,--version-script,zlib.map -O3 -fPIC -o ztest4078.so ztest4078.o
Building shared library libz.so.1.2.8 with gcc.

=== ztest4078.c ===
#include <sys/types.h>
off64_t dummy = 0;
===
gcc -c -O3 -D_LARGEFILE64_SOURCE=1 ztest4078.c
Checking for off64_t... Yes.
Checking for fseeko... Yes.

=== ztest4078.c ===
#include <string.h>
#include <errno.h>
int main() { return strlen(strerror(errno)); }
===
gcc -O3 -D_LARGEFILE64_SOURCE=1 -o ztest4078 ztest4078.c
Checking for strerror... Yes.

=== ztest4078.c ===
#include <unistd.h>
int main() { return 0; }
===
gcc -c -O3 -D_LARGEFILE64_SOURCE=1 ztest4078.c
Checking for unistd.h... Yes.

=== ztest4078.c ===
#include <stdarg.h>
int main() { return 0; }
===
gcc -c -O3 -D_LARGEFILE64_SOURCE=1 ztest4078.c
Checking for stdarg.h... Yes.

=== ztest4078.c ===
#include <stdio.h>
#include <stdarg.h>
#include "zconf.h"
int main()
{
#ifndef STDC
  choke me
#endif
  return 0;
}
===
gcc -c -O3 -D_LARGEFILE64_SOURCE=1 ztest4078.c
Checking whether to use vs[n]printf() or s[n]printf()... using vs[n]printf().

=== ztest4078.c ===
#include <stdio.h>
#include <stdarg.h>
int mytest(const char *fmt, ...)
{
  char buf[20];
  va_list ap;
  va_start(ap, fmt);
  vsnprintf(buf, sizeof(buf), fmt, ap);
  va_end(ap);
  return 0;
}
int main()
{
  return (mytest("Hello%d\n", 1));
}
===
gcc -O3 -D_LARGEFILE64_SOURCE=1 -o ztest4078 ztest4078.c
Checking for vsnprintf() in stdio.h... Yes.

=== ztest4078.c ===
#include <stdio.h>
#include <stdarg.h>
int mytest(const char *fmt, ...)
{
  int n;
  char buf[20];
  va_list ap;
  va_start(ap, fmt);
  n = vsnprintf(buf, sizeof(buf), fmt, ap);
  va_end(ap);
  return n;
}
int main()
{
  return (mytest("Hello%d\n", 1));
}
===
gcc -c -O3 -D_LARGEFILE64_SOURCE=1 ztest4078.c
Checking for return value of vsnprintf()... Yes.

=== ztest4078.c ===
#define ZLIB_INTERNAL __attribute__((visibility ("hidden")))
int ZLIB_INTERNAL foo;
int main()
{
  return 0;
}
===
gcc -c -O3 -D_LARGEFILE64_SOURCE=1 ztest4078.c
Checking for attribute(visibility) support... Yes.

ALL = static shared all64
AR = ar
ARFLAGS = rc
CC = gcc
CFLAGS = -O3 -D_LARGEFILE64_SOURCE=1 -DHAVE_HIDDEN
CPP = gcc -E
EXE =
LDCONFIG = ldconfig
LDFLAGS =
LDSHARED = gcc -shared -Wl,-soname,libz.so.1,--version-script,zlib.map
LDSHAREDLIBC = -lc
OBJC = $(OBJZ) $(OBJG)
PIC_OBJC = $(PIC_OBJZ) $(PIC_OBJG)
RANLIB = ranlib
SFLAGS = -O3 -fPIC -D_LARGEFILE64_SOURCE=1 -DHAVE_HIDDEN
SHAREDLIB = libz.so
SHAREDLIBM = libz.so.1
SHAREDLIBV = libz.so.1.2.8
STATICLIB = libz.a
TEST = all teststatic testshared test64
VER = 1.2.8
Z_U4 =
exec_prefix = ${prefix}
includedir = ${prefix}/include
libdir = ${exec_prefix}/lib
mandir = ${prefix}/share/man
prefix = /home/lowy/lib-ffmpeg
sharedlibdir = ${libdir}
uname = Linux
--------------------


--------------------
./configure --prefix=/usr/local
2015. júl. 24., péntek, 11.50.41 CEST
Checking for gcc...
=== ztest10007.c ===
extern int getchar();
int hello() {return getchar();}
===
gcc -c ztest10007.c
... using gcc

Checking for obsessive-compulsive compiler options...
=== ztest10007.c ===
int foo() { return 0; }
===
gcc -c -O3 ztest10007.c

Checking for shared library support...
=== ztest10007.c ===
extern int getchar();
int hello() {return getchar();}
===
gcc -w -c -O3 -fPIC ztest10007.c
gcc -shared -Wl,-soname,libz.so.1,--version-script,zlib.map -O3 -fPIC -o ztest10007.so ztest10007.o
Building shared library libz.so.1.2.8 with gcc.

=== ztest10007.c ===
#include <sys/types.h>
off64_t dummy = 0;
===
gcc -c -O3 -D_LARGEFILE64_SOURCE=1 ztest10007.c
Checking for off64_t... Yes.
Checking for fseeko... Yes.

=== ztest10007.c ===
#include <string.h>
#include <errno.h>
int main() { return strlen(strerror(errno)); }
===
gcc -O3 -D_LARGEFILE64_SOURCE=1 -o ztest10007 ztest10007.c
Checking for strerror... Yes.

=== ztest10007.c ===
#include <unistd.h>
int main() { return 0; }
===
gcc -c -O3 -D_LARGEFILE64_SOURCE=1 ztest10007.c
Checking for unistd.h... Yes.

=== ztest10007.c ===
#include <stdarg.h>
int main() { return 0; }
===
gcc -c -O3 -D_LARGEFILE64_SOURCE=1 ztest10007.c
Checking for stdarg.h... Yes.

=== ztest10007.c ===
#include <stdio.h>
#include <stdarg.h>
#include "zconf.h"
int main()
{
#ifndef STDC
  choke me
#endif
  return 0;
}
===
gcc -c -O3 -D_LARGEFILE64_SOURCE=1 ztest10007.c
Checking whether to use vs[n]printf() or s[n]printf()... using vs[n]printf().

=== ztest10007.c ===
#include <stdio.h>
#include <stdarg.h>
int mytest(const char *fmt, ...)
{
  char buf[20];
  va_list ap;
  va_start(ap, fmt);
  vsnprintf(buf, sizeof(buf), fmt, ap);
  va_end(ap);
  return 0;
}
int main()
{
  return (mytest("Hello%d\n", 1));
}
===
gcc -O3 -D_LARGEFILE64_SOURCE=1 -o ztest10007 ztest10007.c
Checking for vsnprintf() in stdio.h... Yes.

=== ztest10007.c ===
#include <stdio.h>
#include <stdarg.h>
int mytest(const char *fmt, ...)
{
  int n;
  char buf[20];
  va_list ap;
  va_start(ap, fmt);
  n = vsnprintf(buf, sizeof(buf), fmt, ap);
  va_end(ap);
  return n;
}
int main()
{
  return (mytest("Hello%d\n", 1));
}
===
gcc -c -O3 -D_LARGEFILE64_SOURCE=1 ztest10007.c
Checking for return value of vsnprintf()... Yes.

=== ztest10007.c ===
#define ZLIB_INTERNAL __attribute__((visibility ("hidden")))
int ZLIB_INTERNAL foo;
int main()
{
  return 0;
}
===
gcc -c -O3 -D_LARGEFILE64_SOURCE=1 ztest10007.c
Checking for attribute(visibility) support... Yes.

ALL = static shared all64
AR = ar
ARFLAGS = rc
CC = gcc
CFLAGS = -O3 -D_LARGEFILE64_SOURCE=1 -DHAVE_HIDDEN
CPP = gcc -E
EXE =
LDCONFIG = ldconfig
LDFLAGS =
LDSHARED = gcc -shared -Wl,-soname,libz.so.1,--version-script,zlib.map
LDSHAREDLIBC = -lc
OBJC = $(OBJZ) $(OBJG)
PIC_OBJC = $(PIC_OBJZ) $(PIC_OBJG)
RANLIB = ranlib
SFLAGS = -O3 -fPIC -D_LARGEFILE64_SOURCE=1 -DHAVE_HIDDEN
SHAREDLIB = libz.so
SHAREDLIBM = libz.so.1
SHAREDLIBV = libz.so.1.2.8
STATICLIB = libz.a
TEST = all teststatic testshared test64
VER = 1.2.8
Z_U4 =
exec_prefix = ${prefix}
includedir = ${prefix}/include
libdir = ${exec_prefix}/lib
mandir = ${prefix}/share/man
prefix = /usr/local
sharedlibdir = ${libdir}
uname = Linux
--------------------


