# ./configure --prefix=/home/Lowy-Laptop
Configuring selected codecs
  enabling vp8_encoder
  enabling vp8_decoder
  enabling vp9_encoder
  enabling vp9_decoder
Configuring for target 'x86-win32-gcc'
  enabling x86
check_cpp
BEGIN /tmp/vpx-conf-4716-12495.c
    1	#ifndef __ILP32__
    2	#error "not x32"
    3	#endif
END /tmp/vpx-conf-4716-12495.c
-o /tmp/vpx-conf-4716-12495.o /tmp/vpx-conf-4716-12495.c
./build/make/configure.sh: sor: 285: -E: parancs nem található
  enabling runtime_cpu_detect
  enabling mmx
  enabling sse
  enabling sse2
  enabling sse3
  enabling ssse3
check_cflags -msse4
check_cc -msse4
BEGIN /tmp/vpx-conf-4716-12495.c
    1	int x;
END /tmp/vpx-conf-4716-12495.c
gcc -fno-common -m32 -msse4 -c -o /tmp/vpx-conf-4716-12495.o /tmp/vpx-conf-4716-12495.c
  enabling sse4_1
check_cflags -mavx
check_cc -mavx
BEGIN /tmp/vpx-conf-4716-12495.c
    1	int x;
END /tmp/vpx-conf-4716-12495.c
gcc -fno-common -m32 -mavx -c -o /tmp/vpx-conf-4716-12495.o /tmp/vpx-conf-4716-12495.c
  enabling avx
check_cflags -mavx2
check_cc -mavx2
BEGIN /tmp/vpx-conf-4716-12495.c
    1	int x;
END /tmp/vpx-conf-4716-12495.c
gcc -fno-common -m32 -mavx2 -c -o /tmp/vpx-conf-4716-12495.o /tmp/vpx-conf-4716-12495.c
  enabling avx2
